<?xml version="1.0" encoding="UTF-8"?>
<testng-results skipped="0" failed="0" ignored="0" total="1" passed="1">
  <reporter-output>
  </reporter-output>
  <suite name="Default suite" duration-ms="95739" started-at="2020-08-01T10:49:03 IST" finished-at="2020-08-01T10:50:39 IST">
    <groups>
    </groups>
    <test name="Default test" duration-ms="95739" started-at="2020-08-01T10:49:03 IST" finished-at="2020-08-01T10:50:39 IST">
      <class name="green123.facebook_loginscript">
        <test-method status="PASS" signature="openappln()[pri:0, instance:green123.facebook_loginscript@3f200884]" name="openappln" is-config="true" duration-ms="77494" started-at="2020-08-01T10:49:04 IST" finished-at="2020-08-01T10:50:21 IST">
          <reporter-output>
          </reporter-output>
        </test-method> <!-- openappln -->
        <test-method status="PASS" signature="test_login()[pri:0, instance:green123.facebook_loginscript@3f200884]" name="test_login" duration-ms="3200" started-at="2020-08-01T10:50:21 IST" finished-at="2020-08-01T10:50:24 IST">
          <reporter-output>
          </reporter-output>
        </test-method> <!-- test_login -->
        <test-method status="PASS" signature="closeappln()[pri:0, instance:green123.facebook_loginscript@3f200884]" name="closeappln" is-config="true" duration-ms="14420" started-at="2020-08-01T10:50:24 IST" finished-at="2020-08-01T10:50:39 IST">
          <reporter-output>
          </reporter-output>
        </test-method> <!-- closeappln -->
      </class> <!-- green123.facebook_loginscript -->
    </test> <!-- Default test -->
  </suite> <!-- Default suite -->
</testng-results>
